<?xml version="1.0" encoding="UTF-8"?>
<!-- Generated by org.testng.reporters.JUnitReportReporter -->
<testsuite hostname="Haseeb-R-LTP" failures="0" tests="1" name="tableaccessries.TC_TablePage" time="93.225" errors="0" timestamp="2024-01-20T03:30:20 PKT" skipped="0">
  <testcase classname="tableaccessries.TC_TablePage" name="tablethings_Test" time="93.225"/>
</testsuite> <!-- tableaccessries.TC_TablePage -->
